<?xml version="1.0" encoding="UTF-8"?>
<!-- Generated by org.testng.reporters.JUnitXMLReporter -->
<testsuite ignored="4" hostname="DESKTOP-O6PK2DD" failures="0" tests="4" name="Test" time="0.082" errors="0" timestamp="2024-01-24T11:31:27 IST">
  <testcase classname="practice.comTest.Practice_Test" name="TestCase1" time="0.01"/>
  <testcase classname="practice.comTest.Practice1_Test" name="test1" time="0.001"/>
  <testcase classname="practice.comTest.Practice1_Test" name="test3" time="0.001"/>
  <testcase classname="practice.comTest.Practice2_Test" name="testMethod" time="0.001"/>
  <testcase classname="practice.comTest.Practice2_Test" name="getResult" time="0.0">
    <ignored/>
  </testcase> <!-- getResult -->
  <testcase classname="practice.comTest.Practice1_Test" name="test2" time="0.0">
    <ignored/>
  </testcase> <!-- test2 -->
  <testcase classname="practice.comTest.Practice_Test" name="Testcase2" time="0.0">
    <ignored/>
  </testcase> <!-- Testcase2 -->
  <testcase classname="practice.comTest.Practice2_Test" name="executeMethod" time="0.0">
    <ignored/>
  </testcase> <!-- executeMethod -->
</testsuite> <!-- Test -->
